2025-05-06 01:19:26 - Request started
Array
(
    [success] => 1
    [xp_earned] => 12
    [level_up] => 
    [debug] => Array
        (
            [plan_id] => 14
            [duration] => 1
            [session] => 102kfutepdmrti2eqtugm0csup
        )

)

2025-05-06 02:25:01 - Request started
Array
(
    [success] => 1
    [xp_earned] => 12
    [level_up] => 
    [debug] => Array
        (
            [plan_id] => 16
            [duration] => 1
            [session] => 1ran7ajb1tvvjm2jhqfbu1g476
        )

)

